Array
(
    [url] => payments/success/4
    [Title] => PHP VPC 3-Party
    [vpc_Amount] => 5684
    [vpc_BatchNo] => 0
    [vpc_Command] => pay
    [vpc_Locale] => en
    [vpc_MerchTxnRef] => 4309929
    [vpc_Merchant] => ANZIHNA
    [vpc_Message] => Cancelled
    [vpc_OrderInfo] => 4
    [vpc_SecureHash] => 3BCA7188151B1CC8A18F3C68CDBB506D
    [vpc_TransactionNo] => 0
    [vpc_TxnResponseCode] => C
    [vpc_Version] => 1
)

=========================
Array
(
    [url] => payments/success/6
    [Title] => PHP VPC 3-Party
    [vpc_Amount] => 203
    [vpc_BatchNo] => 0
    [vpc_Command] => pay
    [vpc_Locale] => en
    [vpc_MerchTxnRef] => 4309929
    [vpc_Merchant] => ANZIHNA
    [vpc_Message] => Cancelled
    [vpc_OrderInfo] => 6
    [vpc_SecureHash] => A7823CC5C7676BA877134B8F15E664A3
    [vpc_TransactionNo] => 0
    [vpc_TxnResponseCode] => C
    [vpc_Version] => 1
)

=========================
Array
(
    [url] => payments/success/7
    [Title] => PHP VPC 3-Party
    [vpc_Amount] => 0
    [vpc_BatchNo] => 0
    [vpc_Command] => pay
    [vpc_Locale] => en
    [vpc_MerchTxnRef] => 4309929
    [vpc_Merchant] => ANZIHNA
    [vpc_Message] => Field vpc_Amount value [2.03] is invalid.
    [vpc_OrderInfo] => 7
    [vpc_TransactionNo] => 0
    [vpc_TxnResponseCode] => 7
    [vpc_Version] => 1
)

=========================
Array
(
    [url] => payments/success/8
    [Title] => PHP VPC 3-Party
    [vpc_Amount] => 0
    [vpc_BatchNo] => 0
    [vpc_Command] => pay
    [vpc_Locale] => en
    [vpc_MerchTxnRef] => 4309929
    [vpc_Merchant] => ANZIHNA
    [vpc_Message] => Field vpc_Amount value [2.03] is invalid.
    [vpc_OrderInfo] => 8
    [vpc_TransactionNo] => 0
    [vpc_TxnResponseCode] => 7
    [vpc_Version] => 1
)

=========================
Array
(
    [url] => payments/success/9
    [Title] => PHP VPC 3-Party
    [vpc_Amount] => 203
    [vpc_BatchNo] => 0
    [vpc_Command] => pay
    [vpc_Locale] => en
    [vpc_MerchTxnRef] => 4309929
    [vpc_Merchant] => ANZIHNA
    [vpc_Message] => Cancelled
    [vpc_OrderInfo] => 9
    [vpc_SecureHash] => 4F2A999A20BB6AC1E4BBD0F99EE7639F
    [vpc_TransactionNo] => 0
    [vpc_TxnResponseCode] => C
    [vpc_Version] => 1
)

=========================
Array
(
    [url] => payments/success/10
    [Title] => PHP VPC 3-Party
    [vpc_Amount] => 203
    [vpc_BatchNo] => 0
    [vpc_Command] => pay
    [vpc_Locale] => en
    [vpc_MerchTxnRef] => 4309929
    [vpc_Merchant] => ANZIHNA
    [vpc_Message] => Cancelled
    [vpc_OrderInfo] => 10
    [vpc_SecureHash] => B3F76CF9C30B6CFA6B2183A60A274214
    [vpc_TransactionNo] => 0
    [vpc_TxnResponseCode] => C
    [vpc_Version] => 1
)

=========================
Array
(
    [url] => payments/success/11
    [Title] => PHP VPC 3-Party
    [vpc_Amount] => 0
    [vpc_BatchNo] => 0
    [vpc_Command] => pay
    [vpc_Locale] => en
    [vpc_MerchTxnRef] => 4309929
    [vpc_Merchant] => ANZIHNA
    [vpc_Message] => Field vpc_Amount value [000] is invalid.
    [vpc_OrderInfo] => 11
    [vpc_TransactionNo] => 0
    [vpc_TxnResponseCode] => 7
    [vpc_Version] => 1
)

=========================
Array
(
    [url] => payments/success/12
    [Title] => PHP VPC 3-Party
    [vpc_Amount] => 0
    [vpc_BatchNo] => 0
    [vpc_Command] => pay
    [vpc_Locale] => en
    [vpc_MerchTxnRef] => 4309929
    [vpc_Merchant] => ANZIHNA
    [vpc_Message] => Field vpc_Amount value [000] is invalid.
    [vpc_OrderInfo] => 12
    [vpc_TransactionNo] => 0
    [vpc_TxnResponseCode] => 7
    [vpc_Version] => 1
)

=========================
Array
(
    [url] => payments/success/13
    [Title] => PHP VPC 3-Party
    [vpc_Amount] => 0
    [vpc_BatchNo] => 0
    [vpc_Command] => pay
    [vpc_Locale] => en
    [vpc_MerchTxnRef] => 4309929
    [vpc_Merchant] => ANZIHNA
    [vpc_Message] => Field vpc_Amount value [000] is invalid.
    [vpc_OrderInfo] => 13
    [vpc_TransactionNo] => 0
    [vpc_TxnResponseCode] => 7
    [vpc_Version] => 1
)

=========================
Array
(
    [url] => payments/success/14
    [Title] => PHP VPC 3-Party
    [vpc_Amount] => 0
    [vpc_BatchNo] => 0
    [vpc_Command] => pay
    [vpc_Locale] => en
    [vpc_MerchTxnRef] => 4309929
    [vpc_Merchant] => ANZIHNA
    [vpc_Message] => Field vpc_Amount value [000] is invalid.
    [vpc_OrderInfo] => 14
    [vpc_TransactionNo] => 0
    [vpc_TxnResponseCode] => 7
    [vpc_Version] => 1
)

=========================
Array
(
    [url] => payments/success/15
    [Title] => PHP VPC 3-Party
    [vpc_Amount] => 0
    [vpc_BatchNo] => 0
    [vpc_Command] => pay
    [vpc_Locale] => en
    [vpc_MerchTxnRef] => 4309929
    [vpc_Merchant] => ANZIHNA
    [vpc_Message] => Field vpc_Amount value [000] is invalid.
    [vpc_OrderInfo] => 15
    [vpc_TransactionNo] => 0
    [vpc_TxnResponseCode] => 7
    [vpc_Version] => 1
)

=========================
Array
(
    [url] => payments/success/16
    [Title] => PHP VPC 3-Party
    [vpc_Amount] => 2538
    [vpc_BatchNo] => 0
    [vpc_Command] => pay
    [vpc_Locale] => en
    [vpc_MerchTxnRef] => 4309929
    [vpc_Merchant] => ANZIHNA
    [vpc_Message] => Cancelled
    [vpc_OrderInfo] => 16
    [vpc_SecureHash] => 7AD80B5E8A0081E726F9631C54BDFED6
    [vpc_TransactionNo] => 0
    [vpc_TxnResponseCode] => C
    [vpc_Version] => 1
)

=========================
Array
(
    [url] => payments/success/17
    [Title] => PHP VPC 3-Party
    [vpc_Amount] => 0
    [vpc_BatchNo] => 0
    [vpc_Command] => pay
    [vpc_Locale] => en
    [vpc_MerchTxnRef] => 4309929
    [vpc_Merchant] => ANZIHNA
    [vpc_Message] => Field vpc_Amount value [000] is invalid.
    [vpc_OrderInfo] => 17
    [vpc_TransactionNo] => 0
    [vpc_TxnResponseCode] => 7
    [vpc_Version] => 1
)

=========================
Array
(
    [url] => payments/success/18
    [Title] => PHP VPC 3-Party
    [vpc_Amount] => 0
    [vpc_BatchNo] => 0
    [vpc_Command] => pay
    [vpc_Locale] => en
    [vpc_MerchTxnRef] => 4309929
    [vpc_Merchant] => ANZIHNA
    [vpc_Message] => Field vpc_Amount value [000] is invalid.
    [vpc_OrderInfo] => 18
    [vpc_TransactionNo] => 0
    [vpc_TxnResponseCode] => 7
    [vpc_Version] => 1
)

=========================
Array
(
    [url] => payments/success_course/22
    [Title] => PHP VPC 3-Party
    [vpc_Amount] => 2538
    [vpc_BatchNo] => 0
    [vpc_Command] => pay
    [vpc_Locale] => en
    [vpc_MerchTxnRef] => 4309929
    [vpc_Merchant] => ANZIHNA
    [vpc_Message] => Cancelled
    [vpc_OrderInfo] => 22
    [vpc_SecureHash] => 14543368920E6A6D7961FEB852040528
    [vpc_TransactionNo] => 0
    [vpc_TxnResponseCode] => C
    [vpc_Version] => 1
)

=========================
Array
(
    [url] => payments/success_course/23
    [Title] => PHP VPC 3-Party
    [vpc_Amount] => 2538
    [vpc_BatchNo] => 0
    [vpc_Command] => pay
    [vpc_Locale] => en
    [vpc_MerchTxnRef] => 4309929
    [vpc_Merchant] => ANZIHNA
    [vpc_Message] => Cancelled
    [vpc_OrderInfo] => 23
    [vpc_SecureHash] => CFE3D3978D97D3FEA86E74072B7665CA
    [vpc_TransactionNo] => 0
    [vpc_TxnResponseCode] => C
    [vpc_Version] => 1
)

=========================
Array
(
    [url] => payments/success_course/24
    [Title] => PHP VPC 3-Party
    [vpc_Amount] => 2538
    [vpc_BatchNo] => 0
    [vpc_Command] => pay
    [vpc_Locale] => en
    [vpc_MerchTxnRef] => 4309929
    [vpc_Merchant] => ANZIHNA
    [vpc_Message] => Cancelled
    [vpc_OrderInfo] => 24
    [vpc_SecureHash] => 132691115A073704E5DF86D026D9D0ED
    [vpc_TransactionNo] => 0
    [vpc_TxnResponseCode] => C
    [vpc_Version] => 1
)

=========================
Array
(
    [url] => payments/success_course/25
    [Title] => PHP VPC 3-Party
    [vpc_Amount] => 2538
    [vpc_BatchNo] => 0
    [vpc_Command] => pay
    [vpc_Locale] => en
    [vpc_MerchTxnRef] => 4309929
    [vpc_Merchant] => ANZIHNA
    [vpc_Message] => Cancelled
    [vpc_OrderInfo] => 25
    [vpc_SecureHash] => 33C24CDB7A9F584AFC09ABA65F9E21D3
    [vpc_TransactionNo] => 0
    [vpc_TxnResponseCode] => C
    [vpc_Version] => 1
)

=========================
Array
(
    [url] => payments/success_course/26
    [Title] => PHP VPC 3-Party
    [vpc_Amount] => 2500
    [vpc_BatchNo] => 0
    [vpc_Command] => pay
    [vpc_Locale] => en
    [vpc_MerchTxnRef] => 4309929
    [vpc_Merchant] => ANZIHNA
    [vpc_Message] => Cancelled
    [vpc_OrderInfo] => 26
    [vpc_SecureHash] => 11F0C25A01768A0A526C7DBD50A994F8
    [vpc_TransactionNo] => 0
    [vpc_TxnResponseCode] => C
    [vpc_Version] => 1
)

=========================
Array
(
    [url] => payments/success_course/27
    [Title] => PHP VPC 3-Party
    [vpc_Amount] => 2500
    [vpc_BatchNo] => 0
    [vpc_Command] => pay
    [vpc_Locale] => en
    [vpc_MerchTxnRef] => 4309929
    [vpc_Merchant] => ANZIHNA
    [vpc_Message] => Cancelled
    [vpc_OrderInfo] => 27
    [vpc_SecureHash] => D81715D7E27513A74CDB2B96E76175F4
    [vpc_TransactionNo] => 0
    [vpc_TxnResponseCode] => C
    [vpc_Version] => 1
)

=========================
Array
(
    [url] => payments/success_course/28
    [Title] => PHP VPC 3-Party
    [vpc_Amount] => 2538
    [vpc_BatchNo] => 0
    [vpc_Command] => pay
    [vpc_Locale] => en
    [vpc_MerchTxnRef] => 4309929
    [vpc_Merchant] => ANZIHNA
    [vpc_Message] => Cancelled
    [vpc_OrderInfo] => 28
    [vpc_SecureHash] => 533F5C330FBB5C25805BF89E0B2DCFB4
    [vpc_TransactionNo] => 0
    [vpc_TxnResponseCode] => C
    [vpc_Version] => 1
)

=========================
Array
(
    [url] => payments/success_course
)

=========================
Array
(
    [url] => payments/success_course
)

=========================
Array
(
    [url] => payments/success_course
)

=========================
Array
(
    [url] => payments/success_course
)

=========================
Array
(
    [url] => payments/success_course
)

=========================
Array
(
    [url] => payments/success_course
)

=========================
Array
(
    [url] => payments/success_course
)

=========================
Array
(
    [url] => payments/success_course
)

=========================
Array
(
    [url] => payments/success_course/29
    [Title] => PHP VPC 3-Party
    [vpc_Amount] => 2500
    [vpc_BatchNo] => 0
    [vpc_Command] => pay
    [vpc_Locale] => en
    [vpc_MerchTxnRef] => 4309929
    [vpc_Merchant] => ANZIHNA
    [vpc_Message] => Cancelled
    [vpc_OrderInfo] => 29
    [vpc_SecureHash] => DC37ACBC94471900ABBF9B3C46BD66C6
    [vpc_TransactionNo] => 0
    [vpc_TxnResponseCode] => C
    [vpc_Version] => 1
)

=========================
Array
(
    [url] => payments/success_course
)

=========================
Array
(
    [url] => payments/success_course
)

=========================
Array
(
    [url] => payments/success_course
)

=========================
Array
(
    [url] => payments/success_course
)

=========================
Array
(
    [url] => payments/success_course
)

=========================
Array
(
    [url] => payments/success_course
)

=========================
Array
(
    [url] => payments/success_course
)

=========================
Array
(
    [url] => payments/success_course
)

=========================
Array
(
    [url] => payments/success_course
)

=========================
Array
(
    [url] => payments/success_course
)

=========================
Array
(
    [url] => payments/success_course
)

=========================
Array
(
    [url] => payments/success_course
)

=========================
Array
(
    [url] => payments/success_course
)

=========================
Array
(
    [url] => payments/success_course
)

=========================
Array
(
    [url] => payments/success_course
)

=========================
Array
(
    [url] => payments/success_course
)

=========================
Array
(
    [url] => payments/success_course
)

=========================
Array
(
    [url] => payments/success_course
)

=========================
Array
(
    [url] => payments/success_course
)

=========================
Array
(
    [url] => payments/success_course
)

=========================
Array
(
    [url] => payments/success_course
)

=========================
Array
(
    [url] => payments/success_course
)

=========================
Array
(
    [url] => payments/success_course
)

=========================
Array
(
    [url] => payments/success_course
)

=========================
Array
(
    [url] => payments/success_course
)

=========================
Array
(
    [url] => payments/success_course
)

=========================
Array
(
    [url] => payments/success_course
)

=========================
Array
(
    [url] => payments/success_course
)

=========================
Array
(
    [url] => payments/success_course
)

=========================
Array
(
    [url] => payments/success_course
)

=========================
Array
(
    [url] => payments/success_course
)

=========================
Array
(
    	[url] => payments/success/14
    
		[Title] => PHP VPC 3-Party
    
		[vpc_Amount] => 200
    
		[vpc_BatchNo] => 0
    
		[vpc_Command] => pay
    
		[vpc_Locale] => en
    
		[vpc_MerchTxnRef] => 4309929
    
		[vpc_Merchant] => ANZIHNA
    
		[vpc_Message] => Cancelled
    
		[vpc_OrderInfo] => 14
    
		[vpc_SecureHash] => F12FF317694414B6D78EC1C184BCC317
    
		[vpc_TransactionNo] => 0
    
		[vpc_TxnResponseCode] => C
    
		[vpc_Version] => 1

)

=========================
